<?xml version="1.0" encoding="UTF-8"?>
<testsuite xmlns:xsi="http://www.w3.org/2001/XMLSchema-instance" xsi:noNamespaceSchemaLocation="https://maven.apache.org/surefire/maven-surefire-plugin/xsd/surefire-test-report.xsd" version="3.0.2" name="fr.univ.tours.jakartaee.volley_reservation.VolleyReservationApplicationTests" time="0.056" tests="1" errors="0" skipped="0" failures="0">
  <properties>
[...]
</properties>
  <testcase name="contextLoads" classname="fr.univ.tours.jakartaee.volley_reservation.VolleyReservationApplicationTests" time="0.037">
    <system-out><![CDATA[2026-01-02T22:00:34.284+01:00  INFO 19784 --- [volley-reservation] [           main] t.c.s.AnnotationConfigContextLoaderUtils : Could not detect default configuration classes for test class [fr.univ.tours.jakartaee.volley_reservation.VolleyReservationApplicationTests]: VolleyReservationApplicationTests does not declare any static, non-private, non-final, nested classes annotated with @Configuration.
2026-01-02T22:00:34.293+01:00  INFO 19784 --- [volley-reservation] [           main] .b.t.c.SpringBootTestContextBootstrapper : Found @SpringBootConfiguration fr.univ.tours.jakartaee.volley_reservation.VolleyReservationApplication for test class fr.univ.tours.jakartaee.volley_reservation.VolleyReservationApplicationTests
]]></system-out>
  </testcase>
</testsuite>