<?xml version="1.0" encoding="UTF-8"?>
<testsuite xmlns:xsi="http://www.w3.org/2001/XMLSchema-instance" xsi:noNamespaceSchemaLocation="https://maven.apache.org/surefire/maven-surefire-plugin/xsd/surefire-test-report.xsd" version="3.0.2" name="fr.univ.tours.jakartaee.volley_reservation.ReservationControllerTest" time="27.954" tests="1" errors="1" skipped="0" failures="0">
  <properties>
[...]
</properties>
  <testcase name="testControllerEndpoints" classname="fr.univ.tours.jakartaee.volley_reservation.ReservationControllerTest" time="2.058">
    <error message="Error while extracting response for type [class [Lfr.univ.tours.jakartaee.volley_reservation.model.Reservation;] and content type [application/json]" type="org.springframework.web.client.RestClientException"><![CDATA[org.springframework.web.client.RestClientException: Error while extracting response for type [class [Lfr.univ.tours.jakartaee.volley_reservation.model.Reservation;] and content type [application/json]
	at org.springframework.web.client.HttpMessageConverterExtractor.extractData(HttpMessageConverterExtractor.java:127)
	at org.springframework.web.client.RestTemplate.doExecute(RestTemplate.java:903)
	at org.springframework.web.client.RestTemplate.execute(RestTemplate.java:801)
	at org.springframework.web.client.RestTemplate.getForObject(RestTemplate.java:415)
	at org.springframework.boot.test.web.client.TestRestTemplate.getForObject(TestRestTemplate.java:224)
	at fr.univ.tours.jakartaee.volley_reservation.ReservationControllerTest.testControllerEndpoints(ReservationControllerTest.java:29)
	at java.base/java.lang.reflect.Method.invoke(Method.java:568)
	at java.base/java.util.ArrayList.forEach(ArrayList.java:1511)
	at java.base/java.util.ArrayList.forEach(ArrayList.java:1511)
Caused by: org.springframework.http.converter.HttpMessageNotReadableException: JSON parse error: Cannot deserialize value of type `fr.univ.tours.jakartaee.volley_reservation.model.Reservation[]` from Object value (token `JsonToken.START_OBJECT`)
	at org.springframework.http.converter.json.AbstractJackson2HttpMessageConverter.readJavaType(AbstractJackson2HttpMessageConverter.java:408)
	at org.springframework.http.converter.json.AbstractJackson2HttpMessageConverter.read(AbstractJackson2HttpMessageConverter.java:356)
	at org.springframework.web.client.HttpMessageConverterExtractor.extractData(HttpMessageConverterExtractor.java:105)
	... 8 more
Caused by: com.fasterxml.jackson.databind.exc.MismatchedInputException: Cannot deserialize value of type `fr.univ.tours.jakartaee.volley_reservation.model.Reservation[]` from Object value (token `JsonToken.START_OBJECT`)
 at [Source: REDACTED (`StreamReadFeature.INCLUDE_SOURCE_IN_LOCATION` disabled); line: 1, column: 1]
	at com.fasterxml.jackson.databind.exc.MismatchedInputException.from(MismatchedInputException.java:59)
	at com.fasterxml.jackson.databind.DeserializationContext.reportInputMismatch(DeserializationContext.java:1794)
	at com.fasterxml.jackson.databind.DeserializationContext.handleUnexpectedToken(DeserializationContext.java:1568)
	at com.fasterxml.jackson.databind.DeserializationContext.handleUnexpectedToken(DeserializationContext.java:1515)
	at com.fasterxml.jackson.databind.deser.std.ObjectArrayDeserializer.handleNonArray(ObjectArrayDeserializer.java:358)
	at com.fasterxml.jackson.databind.deser.std.ObjectArrayDeserializer.deserialize(ObjectArrayDeserializer.java:197)
	at com.fasterxml.jackson.databind.deser.DefaultDeserializationContext.readRootValue(DefaultDeserializationContext.java:342)
	at com.fasterxml.jackson.databind.ObjectReader._bindAndClose(ObjectReader.java:2130)
	at com.fasterxml.jackson.databind.ObjectReader.readValue(ObjectReader.java:1500)
	at org.springframework.http.converter.json.AbstractJackson2HttpMessageConverter.readJavaType(AbstractJackson2HttpMessageConverter.java:397)
	... 10 more
]]></error>
    <system-out><![CDATA[22:00:04.645 [main] INFO org.springframework.test.context.support.AnnotationConfigContextLoaderUtils -- Could not detect default configuration classes for test class [fr.univ.tours.jakartaee.volley_reservation.ReservationControllerTest]: ReservationControllerTest does not declare any static, non-private, non-final, nested classes annotated with @Configuration.
22:00:04.962 [main] INFO org.springframework.boot.test.context.SpringBootTestContextBootstrapper -- Found @SpringBootConfiguration fr.univ.tours.jakartaee.volley_reservation.VolleyReservationApplication for test class fr.univ.tours.jakartaee.volley_reservation.ReservationControllerTest
22:00:05.507 [main] INFO org.springframework.boot.devtools.restart.RestartApplicationListener -- Restart disabled due to context in which it is running

  .   ____          _            __ _ _
 /\\ / ___'_ __ _ _(_)_ __  __ _ \ \ \ \
( ( )\___ | '_ | '_| | '_ \/ _` | \ \ \ \
 \\/  ___)| |_)| | | | | || (_| |  ) ) ) )
  '  |____| .__|_| |_|_| |_\__, | / / / /
 =========|_|==============|___/=/_/_/_/

 :: Spring Boot ::                (v3.5.7)

2026-01-02T22:00:14.206+01:00  INFO 19784 --- [volley-reservation] [           main] f.u.t.j.v.ReservationControllerTest      : Starting ReservationControllerTest using Java 17.0.12 with PID 19784 (started by HP in C:\Users\HP\Downloads\volley-reservation\volley-reservation)
2026-01-02T22:00:14.207+01:00  INFO 19784 --- [volley-reservation] [           main] f.u.t.j.v.ReservationControllerTest      : No active profile set, falling back to 1 default profile: "default"
2026-01-02T22:00:22.764+01:00  INFO 19784 --- [volley-reservation] [           main] .s.d.r.c.RepositoryConfigurationDelegate : Bootstrapping Spring Data JPA repositories in DEFAULT mode.
2026-01-02T22:00:22.884+01:00  INFO 19784 --- [volley-reservation] [           main] .s.d.r.c.RepositoryConfigurationDelegate : Finished Spring Data repository scanning in 100 ms. Found 3 JPA repository interfaces.
2026-01-02T22:00:23.953+01:00  INFO 19784 --- [volley-reservation] [           main] o.s.b.w.embedded.tomcat.TomcatWebServer  : Tomcat initialized with port 0 (http)
2026-01-02T22:00:23.983+01:00  INFO 19784 --- [volley-reservation] [           main] o.apache.catalina.core.StandardService   : Starting service [Tomcat]
2026-01-02T22:00:23.983+01:00  INFO 19784 --- [volley-reservation] [           main] o.apache.catalina.core.StandardEngine    : Starting Servlet engine: [Apache Tomcat/10.1.48]
2026-01-02T22:00:24.141+01:00  INFO 19784 --- [volley-reservation] [           main] o.a.c.c.C.[Tomcat].[localhost].[/]       : Initializing Spring embedded WebApplicationContext
2026-01-02T22:00:24.144+01:00  INFO 19784 --- [volley-reservation] [           main] w.s.c.ServletWebServerApplicationContext : Root WebApplicationContext: initialization completed in 9508 ms
2026-01-02T22:00:24.501+01:00  INFO 19784 --- [volley-reservation] [           main] o.hibernate.jpa.internal.util.LogHelper  : HHH000204: Processing PersistenceUnitInfo [name: default]
2026-01-02T22:00:24.679+01:00  INFO 19784 --- [volley-reservation] [           main] org.hibernate.Version                    : HHH000412: Hibernate ORM core version 6.6.33.Final
2026-01-02T22:00:24.818+01:00  INFO 19784 --- [volley-reservation] [           main] o.h.c.internal.RegionFactoryInitiator    : HHH000026: Second-level cache disabled
2026-01-02T22:00:25.415+01:00  INFO 19784 --- [volley-reservation] [           main] o.s.o.j.p.SpringPersistenceUnitInfo      : No LoadTimeWeaver setup: ignoring JPA class transformer
2026-01-02T22:00:25.476+01:00  INFO 19784 --- [volley-reservation] [           main] com.zaxxer.hikari.HikariDataSource       : HikariPool-1 - Starting...
2026-01-02T22:00:26.218+01:00  INFO 19784 --- [volley-reservation] [           main] com.zaxxer.hikari.pool.HikariPool        : HikariPool-1 - Added connection com.mysql.cj.jdbc.ConnectionImpl@d677be9
2026-01-02T22:00:26.223+01:00  INFO 19784 --- [volley-reservation] [           main] com.zaxxer.hikari.HikariDataSource       : HikariPool-1 - Start completed.
2026-01-02T22:00:26.419+01:00  INFO 19784 --- [volley-reservation] [           main] org.hibernate.orm.connections.pooling    : HHH10001005: Database info:
	Database JDBC URL [Connecting through datasource 'HikariDataSource (HikariPool-1)']
	Database driver: undefined/unknown
	Database version: 8.0.44
	Autocommit mode: undefined/unknown
	Isolation level: undefined/unknown
	Minimum pool size: undefined/unknown
	Maximum pool size: undefined/unknown
2026-01-02T22:00:28.213+01:00  INFO 19784 --- [volley-reservation] [           main] o.h.e.t.j.p.i.JtaPlatformInitiator       : HHH000489: No JTA platform available (set 'hibernate.transaction.jta.platform' to enable JTA platform integration)
2026-01-02T22:00:28.302+01:00  INFO 19784 --- [volley-reservation] [           main] j.LocalContainerEntityManagerFactoryBean : Initialized JPA EntityManagerFactory for persistence unit 'default'
2026-01-02T22:00:29.076+01:00  WARN 19784 --- [volley-reservation] [           main] JpaBaseConfiguration$JpaWebConfiguration : spring.jpa.open-in-view is enabled by default. Therefore, database queries may be performed during view rendering. Explicitly configure spring.jpa.open-in-view to disable this warning
2026-01-02T22:00:30.100+01:00  INFO 19784 --- [volley-reservation] [           main] o.s.b.w.embedded.tomcat.TomcatWebServer  : Tomcat started on port 64329 (http) with context path '/'
2026-01-02T22:00:30.117+01:00  INFO 19784 --- [volley-reservation] [           main] f.u.t.j.v.ReservationControllerTest      : Started ReservationControllerTest in 24.646 seconds (process running for 27.386)
=== TEST findAll ===
2026-01-02T22:00:31.892+01:00  INFO 19784 --- [volley-reservation] [o-auto-1-exec-1] o.a.c.c.C.[Tomcat].[localhost].[/]       : Initializing Spring DispatcherServlet 'dispatcherServlet'
2026-01-02T22:00:31.892+01:00  INFO 19784 --- [volley-reservation] [o-auto-1-exec-1] o.s.web.servlet.DispatcherServlet        : Initializing Servlet 'dispatcherServlet'
2026-01-02T22:00:31.894+01:00  INFO 19784 --- [volley-reservation] [o-auto-1-exec-1] o.s.web.servlet.DispatcherServlet        : Completed initialization in 2 ms
]]></system-out>
  </testcase>
</testsuite>